빌드 시작: 2017-11-10 오후 3:55:39
     1>2 노드의 "C:\Users\dnjsx\Desktop\1min_github\web_test\C++수업\c++실습과제\c++실습과제.vcxproj" 프로젝트(build 대상)입니다.
     1>InitializeBuildStatus:
         "AlwaysCreate"이(가) 지정되었기 때문에 "Debug\c++실습과제.unsuccessfulbuild"을(를) 만들고 있습니다.
       ClCompile:
         C:\Program Files (x86)\Microsoft Visual Studio 10.0\VC\bin\CL.exe /c /ZI /nologo /W3 /WX- /Od /Oy- /D WIN32 /D _DEBUG /D _CONSOLE /D _UNICODE /D UNICODE /Gm /EHsc /RTC1 /MDd /GS /fp:precise /Zc:wchar_t /Zc:forScope /Fo"Debug\\" /Fd"Debug\vc100.pdb" /Gd /TP /analyze- /errorReport:prompt "c++실습과제.cpp"
         c++실습과제.cpp
     1>c:\users\dnjsx\desktop\1min_github\web_test\c++수업\c++실습과제\c++실습과제.cpp(9): warning C4996: 'scanf': This function or variable may be unsafe. Consider using scanf_s instead. To disable deprecation, use _CRT_SECURE_NO_WARNINGS. See online help for details.
                 c:\program files (x86)\microsoft visual studio 10.0\vc\include\stdio.h(304) : 'scanf' 선언을 참조하십시오.
     1>c:\users\dnjsx\desktop\1min_github\web_test\c++수업\c++실습과제\c++실습과제.cpp(14): warning C4996: 'strcpy': This function or variable may be unsafe. Consider using strcpy_s instead. To disable deprecation, use _CRT_SECURE_NO_WARNINGS. See online help for details.
                 c:\program files (x86)\microsoft visual studio 10.0\vc\include\string.h(105) : 'strcpy' 선언을 참조하십시오.
     1>c:\users\dnjsx\desktop\1min_github\web_test\c++수업\c++실습과제\c++실습과제.cpp(15): warning C4996: 'strcpy': This function or variable may be unsafe. Consider using strcpy_s instead. To disable deprecation, use _CRT_SECURE_NO_WARNINGS. See online help for details.
                 c:\program files (x86)\microsoft visual studio 10.0\vc\include\string.h(105) : 'strcpy' 선언을 참조하십시오.
     1>c:\users\dnjsx\desktop\1min_github\web_test\c++수업\c++실습과제\c++실습과제.cpp(16): warning C4996: 'strcpy': This function or variable may be unsafe. Consider using strcpy_s instead. To disable deprecation, use _CRT_SECURE_NO_WARNINGS. See online help for details.
                 c:\program files (x86)\microsoft visual studio 10.0\vc\include\string.h(105) : 'strcpy' 선언을 참조하십시오.
     1>c:\users\dnjsx\desktop\1min_github\web_test\c++수업\c++실습과제\c++실습과제.cpp(26): warning C4996: 'gets': This function or variable may be unsafe. Consider using gets_s instead. To disable deprecation, use _CRT_SECURE_NO_WARNINGS. See online help for details.
                 c:\program files (x86)\microsoft visual studio 10.0\vc\include\stdio.h(277) : 'gets' 선언을 참조하십시오.
     1>c:\users\dnjsx\desktop\1min_github\web_test\c++수업\c++실습과제\c++실습과제.cpp(36): warning C4018: '<' : signed 또는 unsigned가 일치하지 않습니다.
       ManifestResourceCompile:
         모든 출력이 최신 상태입니다.
       Link:
         C:\Program Files (x86)\Microsoft Visual Studio 10.0\VC\bin\link.exe /ERRORREPORT:PROMPT /OUT:"C:\Users\dnjsx\Desktop\1min_github\web_test\C++수업\c++실습과제\Debug\c++실습과제.exe" /INCREMENTAL /NOLOGO kernel32.lib user32.lib gdi32.lib winspool.lib comdlg32.lib advapi32.lib shell32.lib ole32.lib oleaut32.lib uuid.lib odbc32.lib odbccp32.lib /MANIFEST /ManifestFile:"Debug\c++실습과제.exe.intermediate.manifest" /MANIFESTUAC:"level='asInvoker' uiAccess='false'" /DEBUG /PDB:"C:\Users\dnjsx\Desktop\1min_github\web_test\C++수업\c++실습과제\Debug\c++실습과제.pdb" /SUBSYSTEM:CONSOLE /TLBID:1 /DYNAMICBASE /NXCOMPAT /IMPLIB:"C:\Users\dnjsx\Desktop\1min_github\web_test\C++수업\c++실습과제\Debug\c++실습과제.lib" /MACHINE:X86 "Debug\c++실습과제.exe.embed.manifest.res"
         "Debug\c++실습과제.obj"
       Manifest:
         C:\Program Files (x86)\Microsoft SDKs\Windows\v7.0A\bin\mt.exe /nologo /verbose /out:"Debug\c++실습과제.exe.embed.manifest" /manifest "Debug\c++실습과제.exe.intermediate.manifest"
         모든 출력이 최신 상태입니다.
       LinkEmbedManifest:
         모든 출력이 최신 상태입니다.
         c++실습과제.vcxproj -> C:\Users\dnjsx\Desktop\1min_github\web_test\C++수업\c++실습과제\Debug\c++실습과제.exe
       FinalizeBuildStatus:
         "Debug\c++실습과제.unsuccessfulbuild" 파일을 삭제하고 있습니다.
         "Debug\c++실습과제.lastbuildstate"에 연결(touching)하고 있습니다.
     1>"C:\Users\dnjsx\Desktop\1min_github\web_test\C++수업\c++실습과제\c++실습과제.vcxproj" 프로젝트를 빌드했습니다(build 대상).

빌드했습니다.

경과 시간: 00:00:00.54
