빌드 시작: 2017-11-29 오후 6:05:15
     1>2 노드의 "C:\Users\dnjsx\Desktop\1min_github\web_test\C++수업\1129c++report\1129c++report.vcxproj" 프로젝트(build 대상)입니다.
     1>InitializeBuildStatus:
         "AlwaysCreate"이(가) 지정되었기 때문에 "Debug\1129c++report.unsuccessfulbuild"을(를) 만들고 있습니다.
       ClCompile:
         C:\Program Files (x86)\Microsoft Visual Studio 10.0\VC\bin\CL.exe /c /ZI /nologo /W3 /WX- /Od /Oy- /D WIN32 /D _DEBUG /D _CONSOLE /D _UNICODE /D UNICODE /Gm /EHsc /RTC1 /MDd /GS /fp:precise /Zc:wchar_t /Zc:forScope /Fo"Debug\\" /Fd"Debug\vc100.pdb" /Gd /TP /analyze- /errorReport:prompt reportc++1129.cpp
         reportc++1129.cpp
     1>c:\users\dnjsx\desktop\1min_github\web_test\c++수업\1129c++report\reportc++1129.cpp(11): warning C4101: 'larger' :참조되지 않은 지역 변수입니다.
       ManifestResourceCompile:
         모든 출력이 최신 상태입니다.
       Link:
         C:\Program Files (x86)\Microsoft Visual Studio 10.0\VC\bin\link.exe /ERRORREPORT:PROMPT /OUT:"C:\Users\dnjsx\Desktop\1min_github\web_test\C++수업\1129c++report\Debug\1129c++report.exe" /INCREMENTAL /NOLOGO kernel32.lib user32.lib gdi32.lib winspool.lib comdlg32.lib advapi32.lib shell32.lib ole32.lib oleaut32.lib uuid.lib odbc32.lib odbccp32.lib /MANIFEST /ManifestFile:"Debug\1129c++report.exe.intermediate.manifest" /MANIFESTUAC:"level='asInvoker' uiAccess='false'" /DEBUG /PDB:"C:\Users\dnjsx\Desktop\1min_github\web_test\C++수업\1129c++report\Debug\1129c++report.pdb" /SUBSYSTEM:CONSOLE /TLBID:1 /DYNAMICBASE /NXCOMPAT /IMPLIB:"C:\Users\dnjsx\Desktop\1min_github\web_test\C++수업\1129c++report\Debug\1129c++report.lib" /MACHINE:X86 Debug\1129c++report.exe.embed.manifest.res
         Debug\reportc++1129.obj
       Manifest:
         C:\Program Files (x86)\Microsoft SDKs\Windows\v7.0A\bin\mt.exe /nologo /verbose /out:"Debug\1129c++report.exe.embed.manifest" /manifest Debug\1129c++report.exe.intermediate.manifest
         모든 출력이 최신 상태입니다.
       LinkEmbedManifest:
         모든 출력이 최신 상태입니다.
         1129c++report.vcxproj -> C:\Users\dnjsx\Desktop\1min_github\web_test\C++수업\1129c++report\Debug\1129c++report.exe
       FinalizeBuildStatus:
         "Debug\1129c++report.unsuccessfulbuild" 파일을 삭제하고 있습니다.
         "Debug\1129c++report.lastbuildstate"에 연결(touching)하고 있습니다.
     1>"C:\Users\dnjsx\Desktop\1min_github\web_test\C++수업\1129c++report\1129c++report.vcxproj" 프로젝트를 빌드했습니다(build 대상).

빌드했습니다.

경과 시간: 00:00:00.49
