빌드 시작: 2017-11-15 오후 12:20:26
     1>2 노드의 "C:\Users\dnjsx\Desktop\1min_github\web_test\C++수업\1115 c++\1115 c++.vcxproj" 프로젝트(build 대상)입니다.
     1>InitializeBuildStatus:
         "Debug\1115 c++.unsuccessfulbuild"에 연결(touching)하고 있습니다.
       ClCompile:
         C:\Program Files (x86)\Microsoft Visual Studio 10.0\VC\bin\CL.exe /c /ZI /nologo /W3 /WX- /Od /Oy- /D WIN32 /D _DEBUG /D _CONSOLE /D _UNICODE /D UNICODE /Gm /EHsc /RTC1 /MDd /GS /fp:precise /Zc:wchar_t /Zc:forScope /Fo"Debug\\" /Fd"Debug\vc100.pdb" /Gd /TP /analyze- /errorReport:prompt "1115 c++.cpp"
         1115 c++.cpp
     1>c:\users\dnjsx\desktop\1min_github\web_test\c++수업\1115 c++\1115 c++.cpp(22): warning C4996: 'scanf': This function or variable may be unsafe. Consider using scanf_s instead. To disable deprecation, use _CRT_SECURE_NO_WARNINGS. See online help for details.
                 c:\program files (x86)\microsoft visual studio 10.0\vc\include\stdio.h(304) : 'scanf' 선언을 참조하십시오.
     1>c:\users\dnjsx\desktop\1min_github\web_test\c++수업\1115 c++\1115 c++.cpp(24): warning C4996: 'scanf': This function or variable may be unsafe. Consider using scanf_s instead. To disable deprecation, use _CRT_SECURE_NO_WARNINGS. See online help for details.
                 c:\program files (x86)\microsoft visual studio 10.0\vc\include\stdio.h(304) : 'scanf' 선언을 참조하십시오.
     1>c:\users\dnjsx\desktop\1min_github\web_test\c++수업\1115 c++\1115 c++.cpp(30): warning C4996: 'scanf': This function or variable may be unsafe. Consider using scanf_s instead. To disable deprecation, use _CRT_SECURE_NO_WARNINGS. See online help for details.
                 c:\program files (x86)\microsoft visual studio 10.0\vc\include\stdio.h(304) : 'scanf' 선언을 참조하십시오.
     1>c:\users\dnjsx\desktop\1min_github\web_test\c++수업\1115 c++\1115 c++.cpp(31): warning C4996: 'getch': The POSIX name for this item is deprecated. Instead, use the ISO C++ conformant name: _getch. See online help for details.
                 c:\program files (x86)\microsoft visual studio 10.0\vc\include\conio.h(128) : 'getch' 선언을 참조하십시오.
     1>c:\users\dnjsx\desktop\1min_github\web_test\c++수업\1115 c++\1115 c++.cpp(51): warning C4101: 'temp' :참조되지 않은 지역 변수입니다.
       ManifestResourceCompile:
         모든 출력이 최신 상태입니다.
       Link:
         C:\Program Files (x86)\Microsoft Visual Studio 10.0\VC\bin\link.exe /ERRORREPORT:PROMPT /OUT:"C:\Users\dnjsx\Desktop\1min_github\web_test\C++수업\1115 c++\Debug\1115 c++.exe" /INCREMENTAL /NOLOGO kernel32.lib user32.lib gdi32.lib winspool.lib comdlg32.lib advapi32.lib shell32.lib ole32.lib oleaut32.lib uuid.lib odbc32.lib odbccp32.lib /MANIFEST /ManifestFile:"Debug\1115 c++.exe.intermediate.manifest" /MANIFESTUAC:"level='asInvoker' uiAccess='false'" /DEBUG /PDB:"C:\Users\dnjsx\Desktop\1min_github\web_test\C++수업\1115 c++\Debug\1115 c++.pdb" /SUBSYSTEM:CONSOLE /TLBID:1 /DYNAMICBASE /NXCOMPAT /IMPLIB:"C:\Users\dnjsx\Desktop\1min_github\web_test\C++수업\1115 c++\Debug\1115 c++.lib" /MACHINE:X86 "Debug\1115 c++.exe.embed.manifest.res"
         "Debug\1115 c++.obj"
       Manifest:
         C:\Program Files (x86)\Microsoft SDKs\Windows\v7.0A\bin\mt.exe /nologo /verbose /out:"Debug\1115 c++.exe.embed.manifest" /manifest "Debug\1115 c++.exe.intermediate.manifest"
         모든 출력이 최신 상태입니다.
       LinkEmbedManifest:
         모든 출력이 최신 상태입니다.
         1115 c++.vcxproj -> C:\Users\dnjsx\Desktop\1min_github\web_test\C++수업\1115 c++\Debug\1115 c++.exe
       FinalizeBuildStatus:
         "Debug\1115 c++.unsuccessfulbuild" 파일을 삭제하고 있습니다.
         "Debug\1115 c++.lastbuildstate"에 연결(touching)하고 있습니다.
     1>"C:\Users\dnjsx\Desktop\1min_github\web_test\C++수업\1115 c++\1115 c++.vcxproj" 프로젝트를 빌드했습니다(build 대상).

빌드했습니다.

경과 시간: 00:00:00.58
