빌드 시작: 2017-09-21 오후 2:11:46
     1>2 노드의 "C:\Users\dnjsx\Desktop\1min_github\web_test\C++수업\0921\0921.vcxproj" 프로젝트(build 대상)입니다.
     1>InitializeBuildStatus:
         "Debug\0921.unsuccessfulbuild"에 연결(touching)하고 있습니다.
       ClCompile:
         C:\Program Files (x86)\Microsoft Visual Studio 10.0\VC\bin\CL.exe /c /ZI /nologo /W3 /WX- /Od /Oy- /D WIN32 /D _DEBUG /D _CONSOLE /D _UNICODE /D UNICODE /Gm /EHsc /RTC1 /MDd /GS /fp:precise /Zc:wchar_t /Zc:forScope /Fo"Debug\\" /Fd"Debug\vc100.pdb" /Gd /TP /analyze- /errorReport:prompt 0921.cpp
         0921.cpp
     1>c:\users\dnjsx\desktop\1min_github\web_test\c++수업\0921\0921.cpp(18): warning C4996: 'scanf': This function or variable may be unsafe. Consider using scanf_s instead. To disable deprecation, use _CRT_SECURE_NO_WARNINGS. See online help for details.
                 c:\program files (x86)\microsoft visual studio 10.0\vc\include\stdio.h(304) : 'scanf' 선언을 참조하십시오.
     1>c:\users\dnjsx\desktop\1min_github\web_test\c++수업\0921\0921.cpp(55): warning C4996: 'scanf': This function or variable may be unsafe. Consider using scanf_s instead. To disable deprecation, use _CRT_SECURE_NO_WARNINGS. See online help for details.
                 c:\program files (x86)\microsoft visual studio 10.0\vc\include\stdio.h(304) : 'scanf' 선언을 참조하십시오.
       Link:
         C:\Program Files (x86)\Microsoft Visual Studio 10.0\VC\bin\link.exe /ERRORREPORT:PROMPT /OUT:"C:\Users\dnjsx\Desktop\1min_github\web_test\C++수업\0921\Debug\0921.exe" /INCREMENTAL /NOLOGO kernel32.lib user32.lib gdi32.lib winspool.lib comdlg32.lib advapi32.lib shell32.lib ole32.lib oleaut32.lib uuid.lib odbc32.lib odbccp32.lib /MANIFEST:NO /DEBUG /PDB:"C:\Users\dnjsx\Desktop\1min_github\web_test\C++수업\0921\Debug\0921.pdb" /SUBSYSTEM:CONSOLE /TLBID:1 /DYNAMICBASE /NXCOMPAT /IMPLIB:"C:\Users\dnjsx\Desktop\1min_github\web_test\C++수업\0921\Debug\0921.lib" /MACHINE:X86 Debug\0921.obj
         0921.vcxproj -> C:\Users\dnjsx\Desktop\1min_github\web_test\C++수업\0921\Debug\0921.exe
       FinalizeBuildStatus:
         "Debug\0921.unsuccessfulbuild" 파일을 삭제하고 있습니다.
         "Debug\0921.lastbuildstate"에 연결(touching)하고 있습니다.
     1>"C:\Users\dnjsx\Desktop\1min_github\web_test\C++수업\0921\0921.vcxproj" 프로젝트를 빌드했습니다(build 대상).

빌드했습니다.

경과 시간: 00:00:00.38
